<?xml version="1.0" encoding="UTF-8"?>
<testng-results skipped="0" failed="0" ignored="0" total="1" passed="1">
  <reporter-output>
  </reporter-output>
  <suite name="Default suite" duration-ms="74291" started-at="2022-04-29T09:01:49Z" finished-at="2022-04-29T09:03:03Z">
    <groups>
    </groups>
    <test name="Default test" duration-ms="74291" started-at="2022-04-29T09:01:49Z" finished-at="2022-04-29T09:03:03Z">
      <class name="A1_GoogleScreenshot">
        <test-method status="PASS" signature="testGoogle()[pri:0, instance:A1_GoogleScreenshot@73ad2d6]" name="testGoogle" duration-ms="74131" started-at="2022-04-29T19:01:49Z" finished-at="2022-04-29T19:03:03Z">
          <reporter-output>
          </reporter-output>
        </test-method> <!-- testGoogle -->
      </class> <!-- A1_GoogleScreenshot -->
    </test> <!-- Default test -->
  </suite> <!-- Default suite -->
</testng-results>
