<?xml version="1.0" encoding="UTF-8"?>
<testng-results skipped="0" failed="0" ignored="0" total="1" passed="1">
  <reporter-output>
  </reporter-output>
  <suite name="Default suite" duration-ms="10718" started-at="2022-04-29T10:15:08Z" finished-at="2022-04-29T10:15:19Z">
    <groups>
    </groups>
    <test name="Default test" duration-ms="10718" started-at="2022-04-29T10:15:08Z" finished-at="2022-04-29T10:15:19Z">
      <class name="bingPackage.A1_BingScreenshot">
        <test-method status="PASS" signature="testGoogle()[pri:0, instance:bingPackage.A1_BingScreenshot@1ce92674]" name="testGoogle" duration-ms="10660" started-at="2022-04-29T20:15:08Z" finished-at="2022-04-29T20:15:19Z">
          <reporter-output>
          </reporter-output>
        </test-method> <!-- testGoogle -->
      </class> <!-- bingPackage.A1_BingScreenshot -->
    </test> <!-- Default test -->
  </suite> <!-- Default suite -->
</testng-results>
